[Licensing::Module] Trying to connect to existing licensing client channel...
Built from '6000.2/respin/6000.2.8f1-e4064264ae96' branch; Version is '6000.2.8f1 (c9992ac36c34) revision 13211946'; Using compiler version '194234433'; Build Type 'Release'
[Licensing::IpcConnector] Successfully connected to: "LicenseClient-Pedro" at "2025-11-14T18:45:50.4087177Z"
OS: 'Windows 11  (10.0.26100) 64bit Core' Language: 'pt' Physical Memory: 16215 MB
BatchMode: 1, IsHumanControllingUs: 0, StartBugReporterOnCrash: 0, Is64bit: 1
Date: 2025-11-14T18:45:50Z

COMMAND LINE ARGUMENTS:
C:\Program Files\Unity\Hub\Editor\6000.2.8f1\Editor\Unity.exe
-adb2
-batchMode
-noUpm
-name
AssetImportWorker3
-projectPath
C:/Users/Pedro/jogo labirinto
-logFile
Logs/AssetImportWorker3.log
-srvPort
57646
-licensingIpc
LicenseClient-Pedro
-job-worker-count
5
-background-job-worker-count
8
-gc-helper-count
1
-name
AssetImport
Successfully changed project path to: C:/Users/Pedro/jogo labirinto
C:/Users/Pedro/jogo labirinto
[UnityMemory] Configuration Parameters - Can be set up in boot.config
    "memorysetup-allocator-temp-initial-block-size-main=262144"
    "memorysetup-allocator-temp-initial-block-size-worker=262144"
    "memorysetup-bucket-allocator-granularity=16"
    "memorysetup-bucket-allocator-bucket-count=8"
    "memorysetup-bucket-allocator-block-size=33554432"
    "memorysetup-bucket-allocator-block-count=8"
    "memorysetup-main-allocator-block-size=16777216"
    "memorysetup-thread-allocator-block-size=16777216"
    "memorysetup-gfx-main-allocator-block-size=16777216"
    "memorysetup-gfx-thread-allocator-block-size=16777216"
    "memorysetup-cache-allocator-block-size=4194304"
    "memorysetup-typetree-allocator-block-size=2097152"
    "memorysetup-profiler-bucket-allocator-granularity=16"
    "memorysetup-profiler-bucket-allocator-bucket-count=8"
    "memorysetup-profiler-bucket-allocator-block-size=33554432"
    "memorysetup-profiler-bucket-allocator-block-count=8"
    "memorysetup-profiler-allocator-block-size=16777216"
    "memorysetup-profiler-editor-allocator-block-size=1048576"
    "memorysetup-temp-allocator-size-main=16777216"
    "memorysetup-job-temp-allocator-block-size=2097152"
    "memorysetup-job-temp-allocator-block-size-background=1048576"
    "memorysetup-job-temp-allocator-reduction-small-platforms=262144"
    "memorysetup-temp-allocator-size-background-worker=32768"
    "memorysetup-temp-allocator-size-job-worker=262144"
    "memorysetup-temp-allocator-size-preload-manager=33554432"
    "memorysetup-temp-allocator-size-nav-mesh-worker=65536"
    "memorysetup-temp-allocator-size-audio-worker=65536"
    "memorysetup-temp-allocator-size-cloud-worker=32768"
    "memorysetup-temp-allocator-size-gi-baking-worker=262144"
    "memorysetup-temp-allocator-size-gi-baking-worker=262144"
    "memorysetup-temp-allocator-size-gi-baking-worker=262144"
    "memorysetup-temp-allocator-size-gi-baking-worker=262144"
    "memorysetup-temp-allocator-size-gi-baking-worker=262144"
    "memorysetup-temp-allocator-size-gfx=262144"
Player connection [5344]  Target information:

Player connection [5344]  * "[IP] 192.168.15.75 [Port] 0 [Flags] 2 [Guid] 4080261920 [EditorId] 4080261920 [Version] 1048832 [Id] WindowsEditor(7,DESKTOP-JD623SS) [Debug] 1 [PackageName] WindowsEditor [ProjectName] Editor" 

Player connection [5344]  * "[IP] 192.168.56.1 [Port] 0 [Flags] 2 [Guid] 4080261920 [EditorId] 4080261920 [Version] 1048832 [Id] WindowsEditor(7,DESKTOP-JD623SS) [Debug] 1 [PackageName] WindowsEditor [ProjectName] Editor" 

Player connection [5344] Host joined multi-casting on [225.0.0.222:54997]...
Player connection [5344] Host joined alternative multi-casting on [225.0.0.222:34997]...
JobSystem: Creating JobQueue using job-worker-count value 5
Input System module state changed to: Initialized.
[Physics::Module] Initialized fallback backend.
[Physics::Module] Id: 0xdecafbad
[Licensing::Client] Code 10 while verifying Licensing Client signature (process Id: 16496, path: "C:/Program Files/Unity Hub/UnityLicensingClient_V1/Unity.Licensing.Client.exe")
[Licensing::Module] LicensingClient has failed validation; ignoring
[Licensing::Client] Handshaking with LicensingClient:
  Version:                 1.17.3+a4e98f1
  Session Id:              645f38efc1dc4a81b46ca22907f6d7ae
  Correlation Id:          bfc42dded2f6a254a679b321ab489841
  External correlation Id: 7424490668900071298
  Machine Id:              HbJxGWfXWd4JrQpf9RlipL2ZJZU=
[Licensing::Module] Successfully connected to LicensingClient on channel: "LicenseClient-Pedro" (connect: 0.00s, validation: 0.00s, handshake: 0.03s)
[Licensing::IpcConnector] Successfully connected to: "LicenseClient-Pedro-notifications" at "2025-11-14T18:45:50.4434773Z"
[Licensing::Module] Licensing Background thread has ended after 0.03s
Library Redirect Path: Library/
[Physics::Module] Selected backend.
[Physics::Module] Name: PhysX
[Physics::Module] Id: 0xf2b8ea05
[Physics::Module] SDK Version: 4.1.2
[Physics::Module] Integration Version: 1.0.0
[Physics::Module] Threading Mode: Multi-Threaded
Refreshing native plugins compatible for Editor in 2.12 ms, found 3 plugins.
Preloading 0 native plugins for Editor in 0.00 ms.
Initialize engine version: 6000.2.8f1 (c9992ac36c34)
[Subsystems] Discovering subsystems at path C:/Program Files/Unity/Hub/Editor/6000.2.8f1/Editor/Data/Resources/UnitySubsystems
[Subsystems] Discovering subsystems at path C:/Users/Pedro/jogo labirinto/Assets
GfxDevice: creating device client; kGfxThreadingModeNonThreaded
Direct3D:
    Version:  Direct3D 11.0 [level 11.1]
    Renderer: NVIDIA GeForce RTX 4060 Ti (ID=0x2803)
    Vendor:   NVIDIA
    VRAM:     7949 MB
    Driver:   32.0.15.8088
Initialize mono
Mono path[0] = 'C:/Program Files/Unity/Hub/Editor/6000.2.8f1/Editor/Data/Managed'
Mono path[1] = 'C:/Program Files/Unity/Hub/Editor/6000.2.8f1/Editor/Data/MonoBleedingEdge/lib/mono/unityjit-win32'
Mono config path = 'C:/Program Files/Unity/Hub/Editor/6000.2.8f1/Editor/Data/MonoBleedingEdge/etc'
Using monoOptions --debugger-agent=transport=dt_socket,embedding=1,server=y,suspend=n,address=127.0.0.1:56064
Begin MonoManager ReloadAssembly
Registering precompiled unity dll's ...
Register platform support module: C:/Program Files/Unity/Hub/Editor/6000.2.8f1/Editor/Data/PlaybackEngines/WebGLSupport/UnityEditor.WebGL.Extensions.dll
Register platform support module: C:/Program Files/Unity/Hub/Editor/6000.2.8f1/Editor/Data/PlaybackEngines/WindowsStandaloneSupport/UnityEditor.WindowsStandalone.Extensions.dll
Registered in 0.002505 seconds.
- Loaded All Assemblies, in  0.423 seconds
Native extension for WindowsStandalone target not found
Native extension for WebGL target not found
Mono: successfully reloaded assembly
- Finished resetting the current domain, in  0.397 seconds
Domain Reload Profiling: 817ms
	BeginReloadAssembly (134ms)
		ExecutionOrderSort (0ms)
		DisableScriptedObjects (0ms)
		BackupInstance (0ms)
		ReleaseScriptingObjects (0ms)
		CreateAndSetChildDomain (1ms)
	RebuildCommonClasses (38ms)
	RebuildNativeTypeToScriptingClass (13ms)
	initialDomainReloadingComplete (56ms)
	LoadAllAssembliesAndSetupDomain (179ms)
		LoadAssemblies (131ms)
		RebuildTransferFunctionScriptingTraits (0ms)
		AnalyzeDomain (175ms)
			TypeCache.Refresh (173ms)
				TypeCache.ScanAssembly (159ms)
			BuildScriptInfoCaches (0ms)
			ResolveRequiredComponents (0ms)
	FinalizeReload (398ms)
		ReleaseScriptCaches (0ms)
		RebuildScriptCaches (0ms)
		SetupLoadedEditorAssemblies (352ms)
			LogAssemblyErrors (0ms)
			InitializePlatformSupportModulesInManaged (61ms)
			SetLoadedEditorAssemblies (6ms)
			BeforeProcessingInitializeOnLoad (85ms)
			ProcessInitializeOnLoadAttributes (146ms)
			ProcessInitializeOnLoadMethodAttributes (54ms)
			AfterProcessingInitializeOnLoad (0ms)
			EditorAssembliesLoaded (0ms)
		ExecutionOrderSort2 (0ms)
		AwakeInstancesAfterBackupRestoration (0ms)
========================================================================
Worker process is ready to serve import requests
Import Worker Mode flag is 0x00
Begin MonoManager ReloadAssembly
[Licensing::Client] Successfully resolved entitlement details
[Licensing::Module] License group:
  Id: 4674132068477-UnityPersXXXX
  Product: Unity Personal
  Type: Assigned
  Expiration: Unlimited
- Loaded All Assemblies, in  0.853 seconds
Refreshing native plugins compatible for Editor in 1.02 ms, found 3 plugins.
Native extension for WindowsStandalone target not found
Native extension for WebGL target not found
Package Manager log level set to [2]
[Package Manager] Failed to launch server process. Reason: Unity was launched with the -noUpm command-line argument
[Package Manager] Unable to send message (not connected to server process).
[Package Manager] Cannot connect to Unity Package Manager local server
Mono: successfully reloaded assembly
- Finished resetting the current domain, in  0.893 seconds
Domain Reload Profiling: 1741ms
	BeginReloadAssembly (190ms)
		ExecutionOrderSort (0ms)
		DisableScriptedObjects (9ms)
		BackupInstance (0ms)
		ReleaseScriptingObjects (0ms)
		CreateAndSetChildDomain (30ms)
	RebuildCommonClasses (36ms)
	RebuildNativeTypeToScriptingClass (10ms)
	initialDomainReloadingComplete (48ms)
	LoadAllAssembliesAndSetupDomain (563ms)
		LoadAssemblies (430ms)
		RebuildTransferFunctionScriptingTraits (0ms)
		AnalyzeDomain (235ms)
			TypeCache.Refresh (172ms)
				TypeCache.ScanAssembly (160ms)
			BuildScriptInfoCaches (48ms)
			ResolveRequiredComponents (11ms)
	FinalizeReload (893ms)
		ReleaseScriptCaches (0ms)
		RebuildScriptCaches (0ms)
		SetupLoadedEditorAssemblies (709ms)
			LogAssemblyErrors (0ms)
			InitializePlatformSupportModulesInManaged (4ms)
			SetLoadedEditorAssemblies (8ms)
			BeforeProcessingInitializeOnLoad (205ms)
			ProcessInitializeOnLoadAttributes (430ms)
			ProcessInitializeOnLoadMethodAttributes (56ms)
			AfterProcessingInitializeOnLoad (6ms)
			EditorAssembliesLoaded (0ms)
		ExecutionOrderSort2 (0ms)
		AwakeInstancesAfterBackupRestoration (5ms)
Launched and connected shader compiler UnityShaderCompiler.exe after 0.02 seconds
Refreshing native plugins compatible for Editor in 1.52 ms, found 3 plugins.
Preloading 0 native plugins for Editor in 0.00 ms.
Unloading 13 Unused Serialized files (Serialized files now loaded: 0)
Unloading 6113 unused Assets / (5.0 MB). Loaded Objects now: 6807.
Memory consumption went from 133.2 MB to 128.2 MB.
Total: 7.528900 ms (FindLiveObjects: 1.125100 ms CreateObjectMapping: 0.463200 ms MarkObjects: 4.009100 ms  DeleteObjects: 1.929100 ms)

========================================================================
Received Import Request.
  Time since last request: 15784.255623 seconds.
  path: Assets/SimpleNaturePack/Prefabs/Flowers_01.prefab
  artifactKey: Guid(ac8efb728f1fb9b4092c4df591c827ca) Importer(2089858483,192608db42251d675da83286b1cce702)
Start importing Assets/SimpleNaturePack/Prefabs/Flowers_01.prefab using Guid(ac8efb728f1fb9b4092c4df591c827ca) Importer(2089858483,192608db42251d675da83286b1cce702) (ScriptedImporter) -> (artifact id: 'b1716ab5ec47a6d730f4582ab1571e4d') in 0.1987762 seconds
Number of updated asset objects reloaded before import = 0Number of asset objects unloaded after import = 16

========================================================================
Received Import Request.
  Time since last request: 0.376283 seconds.
  path: Assets/SimpleNaturePack/Models/Ground_03.fbx
  artifactKey: Guid(661464e19c087564badb2bf5230c842c) Importer(2089858483,192608db42251d675da83286b1cce702)
Start importing Assets/SimpleNaturePack/Models/Ground_03.fbx using Guid(661464e19c087564badb2bf5230c842c) Importer(2089858483,192608db42251d675da83286b1cce702) (ScriptedImporter) -> (artifact id: '6437383d4f57b0ce8b805e3da177b8b7') in 0.0811148 seconds
Number of updated asset objects reloaded before import = 0Number of asset objects unloaded after import = 7

========================================================================
Received Import Request.
  Time since last request: 5.425044 seconds.
  path: Assets/BTM_Assets/BTM_Items_Gems/Models/Ruby2.fbx
  artifactKey: Guid(01cea9c04d1450f4297a33380cf7f2ed) Importer(2089858483,192608db42251d675da83286b1cce702)
Start importing Assets/BTM_Assets/BTM_Items_Gems/Models/Ruby2.fbx using Guid(01cea9c04d1450f4297a33380cf7f2ed) Importer(2089858483,192608db42251d675da83286b1cce702) (ScriptedImporter) -> (artifact id: '710e3ae74489103d8257bc05d91f4e65') in 0.0571223 seconds
Number of updated asset objects reloaded before import = 0Number of asset objects unloaded after import = 9

========================================================================
Received Import Request.
  Time since last request: 0.000021 seconds.
  path: Assets/BTM_Assets/BTM_Items_Gems/Models/HeartGem.fbx
  artifactKey: Guid(8975fa6f14038f640a09d7c1f619c1e5) Importer(2089858483,192608db42251d675da83286b1cce702)
Start importing Assets/BTM_Assets/BTM_Items_Gems/Models/HeartGem.fbx using Guid(8975fa6f14038f640a09d7c1f619c1e5) Importer(2089858483,192608db42251d675da83286b1cce702) (ScriptedImporter) -> (artifact id: 'e4774fda50cda1523c7663fbc3b0612e') in 0.0321528 seconds
Number of updated asset objects reloaded before import = 0Number of asset objects unloaded after import = 9

========================================================================
Received Import Request.
  Time since last request: 0.000024 seconds.
  path: Assets/BTM_Assets/BTM_Items_Gems/Prefabs/Clock.prefab
  artifactKey: Guid(d2275fc619142e94583cd06b9f01e784) Importer(2089858483,192608db42251d675da83286b1cce702)
Start importing Assets/BTM_Assets/BTM_Items_Gems/Prefabs/Clock.prefab using Guid(d2275fc619142e94583cd06b9f01e784) Importer(2089858483,192608db42251d675da83286b1cce702) (ScriptedImporter) -> (artifact id: '923c869f939a43387c0b978b844e60be') in 0.0394511 seconds
Number of updated asset objects reloaded before import = 0Number of asset objects unloaded after import = 15

========================================================================
Received Import Request.
  Time since last request: 0.000018 seconds.
  path: Assets/BTM_Assets/BTM_Items_Gems/Prefabs/RedVial.prefab
  artifactKey: Guid(8db164f48fcdae64180ebf0ce2bb5d92) Importer(2089858483,192608db42251d675da83286b1cce702)
Start importing Assets/BTM_Assets/BTM_Items_Gems/Prefabs/RedVial.prefab using Guid(8db164f48fcdae64180ebf0ce2bb5d92) Importer(2089858483,192608db42251d675da83286b1cce702) (ScriptedImporter) -> (artifact id: 'b21c8717c0911aa45289f5f901363886') in 0.0233558 seconds
Number of updated asset objects reloaded before import = 0Number of asset objects unloaded after import = 15

========================================================================
Received Import Request.
  Time since last request: 0.000018 seconds.
  path: Assets/BTM_Assets/BTM_Items_Gems/Models/GreenVial.fbx
  artifactKey: Guid(78c3a76a813d69f4eadc66502083509a) Importer(2089858483,192608db42251d675da83286b1cce702)
Start importing Assets/BTM_Assets/BTM_Items_Gems/Models/GreenVial.fbx using Guid(78c3a76a813d69f4eadc66502083509a) Importer(2089858483,192608db42251d675da83286b1cce702) (ScriptedImporter) -> (artifact id: '213031c0743218768db41330aeb00f7d') in 0.0324237 seconds
Number of updated asset objects reloaded before import = 0Number of asset objects unloaded after import = 9

========================================================================
Received Import Request.
  Time since last request: 0.000024 seconds.
  path: Assets/BTM_Assets/BTM_Items_Gems/Prefabs/Hexagon.prefab
  artifactKey: Guid(feec2bd3b82c34243b4e7b55a9ee64b8) Importer(2089858483,192608db42251d675da83286b1cce702)
Start importing Assets/BTM_Assets/BTM_Items_Gems/Prefabs/Hexagon.prefab using Guid(feec2bd3b82c34243b4e7b55a9ee64b8) Importer(2089858483,192608db42251d675da83286b1cce702) (ScriptedImporter) -> (artifact id: '32dd9e511159239c64d041daa097a23e') in 0.0233794 seconds
Number of updated asset objects reloaded before import = 0Number of asset objects unloaded after import = 15

========================================================================
Received Import Request.
  Time since last request: 0.000036 seconds.
  path: Assets/BTM_Assets/BTM_Items_Gems/Models/SphereGem3.fbx
  artifactKey: Guid(86547782c0ca55f4098b1185db372acc) Importer(2089858483,192608db42251d675da83286b1cce702)
Start importing Assets/BTM_Assets/BTM_Items_Gems/Models/SphereGem3.fbx using Guid(86547782c0ca55f4098b1185db372acc) Importer(2089858483,192608db42251d675da83286b1cce702) (ScriptedImporter) -> (artifact id: '8e3a56df800105f234a3d9efccd165cb') in 0.0316351 seconds
Number of updated asset objects reloaded before import = 0Number of asset objects unloaded after import = 9

========================================================================
Received Import Request.
  Time since last request: 0.000018 seconds.
  path: Assets/BTM_Assets/BTM_Items_Gems/Materials/Gradient Pallete.png
  artifactKey: Guid(fdc9284e7f7d7be488f34ed803e0c9af) Importer(2089858483,192608db42251d675da83286b1cce702)
Start importing Assets/BTM_Assets/BTM_Items_Gems/Materials/Gradient Pallete.png using Guid(fdc9284e7f7d7be488f34ed803e0c9af) Importer(2089858483,192608db42251d675da83286b1cce702) (ScriptedImporter) -> (artifact id: '09c54e97fc6161d24a2157dbede91bb0') in 0.0717423 seconds
Number of updated asset objects reloaded before import = 0Number of asset objects unloaded after import = 1

========================================================================
Received Import Request.
  Time since last request: 0.000014 seconds.
  path: Assets/BTM_Assets/BTM_Items_Gems/Models/BlueVial.fbx
  artifactKey: Guid(d43530ba94306194c8c70bc5f43645c0) Importer(2089858483,192608db42251d675da83286b1cce702)
Start importing Assets/BTM_Assets/BTM_Items_Gems/Models/BlueVial.fbx using Guid(d43530ba94306194c8c70bc5f43645c0) Importer(2089858483,192608db42251d675da83286b1cce702) (ScriptedImporter) -> (artifact id: '6e1b329f8a712645728d8bcf5207d3e8') in 0.0314179 seconds
Number of updated asset objects reloaded before import = 0Number of asset objects unloaded after import = 9

========================================================================
Received Import Request.
  Time since last request: 0.000021 seconds.
  path: Assets/BTM_Assets/BTM_Items_Gems/Prefabs/StarGem1.prefab
  artifactKey: Guid(9c6032bc7284a5146a9b61081bf3c510) Importer(2089858483,192608db42251d675da83286b1cce702)
Start importing Assets/BTM_Assets/BTM_Items_Gems/Prefabs/StarGem1.prefab using Guid(9c6032bc7284a5146a9b61081bf3c510) Importer(2089858483,192608db42251d675da83286b1cce702) (ScriptedImporter) -> (artifact id: 'd8a077d3511ddbe58376b310aac4218a') in 0.0256787 seconds
Number of updated asset objects reloaded before import = 0Number of asset objects unloaded after import = 15

========================================================================
Received Import Request.
  Time since last request: 0.000028 seconds.
  path: Assets/BTM_Assets/BTM_Items_Gems/Materials/BaseMaterial_Green.mat
  artifactKey: Guid(295821634a833294693d2f4e873f36c7) Importer(2089858483,192608db42251d675da83286b1cce702)
Start importing Assets/BTM_Assets/BTM_Items_Gems/Materials/BaseMaterial_Green.mat using Guid(295821634a833294693d2f4e873f36c7) Importer(2089858483,192608db42251d675da83286b1cce702) (ScriptedImporter) -> (artifact id: 'cfb574fd81667159caa878de9e20e069') in 0.0185452 seconds
Number of updated asset objects reloaded before import = 0Number of asset objects unloaded after import = 2

========================================================================
Received Import Request.
  Time since last request: 0.000018 seconds.
  path: Assets/BTM_Assets/BTM_Items_Gems/Prefabs/Spiral.prefab
  artifactKey: Guid(eebd8dd2296babd41a969a47c1590127) Importer(2089858483,192608db42251d675da83286b1cce702)
Start importing Assets/BTM_Assets/BTM_Items_Gems/Prefabs/Spiral.prefab using Guid(eebd8dd2296babd41a969a47c1590127) Importer(2089858483,192608db42251d675da83286b1cce702) (ScriptedImporter) -> (artifact id: 'ab5dacc8a6503a51f58865d8719c5988') in 0.0259017 seconds
Number of updated asset objects reloaded before import = 0Number of asset objects unloaded after import = 15

========================================================================
Received Import Request.
  Time since last request: 0.000020 seconds.
  path: Assets/BTM_Assets/BTM_Items_Gems/Prefabs/Ruby2.prefab
  artifactKey: Guid(c8b9bc24f5f39c747b10e99a670e562d) Importer(2089858483,192608db42251d675da83286b1cce702)
Start importing Assets/BTM_Assets/BTM_Items_Gems/Prefabs/Ruby2.prefab using Guid(c8b9bc24f5f39c747b10e99a670e562d) Importer(2089858483,192608db42251d675da83286b1cce702) (ScriptedImporter) -> (artifact id: '0d42eefc6afe2cab8eefe3ffa724374b') in 0.0248864 seconds
Number of updated asset objects reloaded before import = 0Number of asset objects unloaded after import = 15

========================================================================
Received Import Request.
  Time since last request: 0.000018 seconds.
  path: Assets/BTM_Assets/BTM_Items_Gems/Models/FirstAid.fbx
  artifactKey: Guid(28f47d80bc95498439cdafc67733ef34) Importer(2089858483,192608db42251d675da83286b1cce702)
Start importing Assets/BTM_Assets/BTM_Items_Gems/Models/FirstAid.fbx using Guid(28f47d80bc95498439cdafc67733ef34) Importer(2089858483,192608db42251d675da83286b1cce702) (ScriptedImporter) -> (artifact id: '99225b8ee715e0f6751006cb84c71fa7') in 0.0352704 seconds
Number of updated asset objects reloaded before import = 0Number of asset objects unloaded after import = 9

========================================================================
Received Import Request.
  Time since last request: 0.000021 seconds.
  path: Assets/BTM_Assets/BTM_Items_Gems/Prefabs/Star.prefab
  artifactKey: Guid(f4872b50e9e39e3469946219b9ee754b) Importer(2089858483,192608db42251d675da83286b1cce702)
Start importing Assets/BTM_Assets/BTM_Items_Gems/Prefabs/Star.prefab using Guid(f4872b50e9e39e3469946219b9ee754b) Importer(2089858483,192608db42251d675da83286b1cce702) (ScriptedImporter) -> (artifact id: '50e313bf7f42cf2231226350eb4036fb') in 0.0331442 seconds
Number of updated asset objects reloaded before import = 0Number of asset objects unloaded after import = 15

========================================================================
Received Import Request.
  Time since last request: 0.000025 seconds.
  path: Assets/SimpleNaturePack/Models/Flowers_02.fbx
  artifactKey: Guid(8ea980fdc4aa5e749b000c1a0d4b9bbc) Importer(2089858483,192608db42251d675da83286b1cce702)
Start importing Assets/SimpleNaturePack/Models/Flowers_02.fbx using Guid(8ea980fdc4aa5e749b000c1a0d4b9bbc) Importer(2089858483,192608db42251d675da83286b1cce702) (ScriptedImporter) -> (artifact id: 'dd1ec9e5f3f2e58173ecadfdbf72b333') in 0.0318704 seconds
Number of updated asset objects reloaded before import = 0Number of asset objects unloaded after import = 15

========================================================================
Received Import Request.
  Time since last request: 0.000014 seconds.
  path: Assets/BTM_Assets/BTM_Items_Gems/Materials/BaseMaterial_Pink.mat
  artifactKey: Guid(20c593a79fdf4ef428dca41cc02d4628) Importer(2089858483,192608db42251d675da83286b1cce702)
Start importing Assets/BTM_Assets/BTM_Items_Gems/Materials/BaseMaterial_Pink.mat using Guid(20c593a79fdf4ef428dca41cc02d4628) Importer(2089858483,192608db42251d675da83286b1cce702) (ScriptedImporter) -> (artifact id: '79dd0e0f974bb3446a870834154e141d') in 0.0169242 seconds
Number of updated asset objects reloaded before import = 0Number of asset objects unloaded after import = 2

========================================================================
Received Import Request.
  Time since last request: 0.000019 seconds.
  path: Assets/BTM_Assets/BTM_Items_Gems/Models/4SideDiamond.fbx
  artifactKey: Guid(05224ec7e4d85c14dbf345dd08810e67) Importer(2089858483,192608db42251d675da83286b1cce702)
Start importing Assets/BTM_Assets/BTM_Items_Gems/Models/4SideDiamond.fbx using Guid(05224ec7e4d85c14dbf345dd08810e67) Importer(2089858483,192608db42251d675da83286b1cce702) (ScriptedImporter) -> (artifact id: 'a6000699c858f220c339ffcec8cc931e') in 0.0318009 seconds
Number of updated asset objects reloaded before import = 0Number of asset objects unloaded after import = 9

========================================================================
Received Import Request.
  Time since last request: 0.000017 seconds.
  path: Assets/BTM_Assets/BTM_Items_Gems/Prefabs/Coin.prefab
  artifactKey: Guid(6a301d09debaf1e4a8d3e2657cc44a96) Importer(2089858483,192608db42251d675da83286b1cce702)
Start importing Assets/BTM_Assets/BTM_Items_Gems/Prefabs/Coin.prefab using Guid(6a301d09debaf1e4a8d3e2657cc44a96) Importer(2089858483,192608db42251d675da83286b1cce702) (ScriptedImporter) -> (artifact id: '65d834a7350c251c3ca8b8c38b3fbe3b') in 0.0264753 seconds
Number of updated asset objects reloaded before import = 0Number of asset objects unloaded after import = 15

========================================================================
Received Import Request.
  Time since last request: 0.000014 seconds.
  path: Assets/BTM_Assets/BTM_Items_Gems/Materials/Backdrop.mat
  artifactKey: Guid(124674cf07a479740871e01a76336390) Importer(2089858483,192608db42251d675da83286b1cce702)
Start importing Assets/BTM_Assets/BTM_Items_Gems/Materials/Backdrop.mat using Guid(124674cf07a479740871e01a76336390) Importer(2089858483,192608db42251d675da83286b1cce702) (ScriptedImporter) -> (artifact id: '2ed075ecaaa9fee7b0c0f660b0b5dae2') in 0.0168529 seconds
Number of updated asset objects reloaded before import = 0Number of asset objects unloaded after import = 1

========================================================================
Received Import Request.
  Time since last request: 0.000025 seconds.
  path: Assets/BTM_Assets/BTM_Items_Gems/Models/StarGem3.fbx
  artifactKey: Guid(b2a1944c844e5bf4ab9234728d4e4980) Importer(2089858483,192608db42251d675da83286b1cce702)
Start importing Assets/BTM_Assets/BTM_Items_Gems/Models/StarGem3.fbx using Guid(b2a1944c844e5bf4ab9234728d4e4980) Importer(2089858483,192608db42251d675da83286b1cce702) (ScriptedImporter) -> (artifact id: 'f986441ddbfbf206fdfdb7da763275c4') in 0.0327537 seconds
Number of updated asset objects reloaded before import = 0Number of asset objects unloaded after import = 9

========================================================================
Received Import Request.
  Time since last request: 0.000020 seconds.
  path: Assets/BTM_Assets/BTM_Items_Gems/Prefabs/Cuboid.prefab
  artifactKey: Guid(48e52d8d352ce0548a5574c7e827370e) Importer(2089858483,192608db42251d675da83286b1cce702)
Start importing Assets/BTM_Assets/BTM_Items_Gems/Prefabs/Cuboid.prefab using Guid(48e52d8d352ce0548a5574c7e827370e) Importer(2089858483,192608db42251d675da83286b1cce702) (ScriptedImporter) -> (artifact id: '621acb37fe58194974d8c96353c37d3a') in 0.0240466 seconds
Number of updated asset objects reloaded before import = 0Number of asset objects unloaded after import = 15

========================================================================
Received Import Request.
  Time since last request: 0.000015 seconds.
  path: Assets/BTM_Assets/BTM_Items_Gems/Prefabs/Ruby.prefab
  artifactKey: Guid(e61c9a4b7ad4e684f9866d27135607f5) Importer(2089858483,192608db42251d675da83286b1cce702)
Start importing Assets/BTM_Assets/BTM_Items_Gems/Prefabs/Ruby.prefab using Guid(e61c9a4b7ad4e684f9866d27135607f5) Importer(2089858483,192608db42251d675da83286b1cce702) (ScriptedImporter) -> (artifact id: 'f288d76f15a3ac8de25fa1ec5663b428') in 0.0225358 seconds
Number of updated asset objects reloaded before import = 0Number of asset objects unloaded after import = 15

========================================================================
Received Import Request.
  Time since last request: 0.000016 seconds.
  path: Assets/BTM_Assets/BTM_Items_Gems/Prefabs/Battery 1.prefab
  artifactKey: Guid(f9f6ddb79c292b64e9e817d5835268f9) Importer(2089858483,192608db42251d675da83286b1cce702)
Start importing Assets/BTM_Assets/BTM_Items_Gems/Prefabs/Battery 1.prefab using Guid(f9f6ddb79c292b64e9e817d5835268f9) Importer(2089858483,192608db42251d675da83286b1cce702) (ScriptedImporter) -> (artifact id: '64f290e366c20035bfbec7b5ea725604') in 0.0243563 seconds
Number of updated asset objects reloaded before import = 0Number of asset objects unloaded after import = 15

========================================================================
Received Import Request.
  Time since last request: 0.000019 seconds.
  path: Assets/BTM_Assets/BTM_Items_Gems/Prefabs/HeartGem.prefab
  artifactKey: Guid(7c857df6f3a0c364997001a2dc84dbcf) Importer(2089858483,192608db42251d675da83286b1cce702)
Start importing Assets/BTM_Assets/BTM_Items_Gems/Prefabs/HeartGem.prefab using Guid(7c857df6f3a0c364997001a2dc84dbcf) Importer(2089858483,192608db42251d675da83286b1cce702) (ScriptedImporter) -> (artifact id: '97996cc0834a9ae34b7c15b1bbee375b') in 0.0234378 seconds
Number of updated asset objects reloaded before import = 0Number of asset objects unloaded after import = 15

========================================================================
Received Import Request.
  Time since last request: 0.000028 seconds.
  path: Assets/BTM_Assets/BTM_Items_Gems/Prefabs/Cubie.prefab
  artifactKey: Guid(e1dcc1756599cdb45b9d838c33287a10) Importer(2089858483,192608db42251d675da83286b1cce702)
Start importing Assets/BTM_Assets/BTM_Items_Gems/Prefabs/Cubie.prefab using Guid(e1dcc1756599cdb45b9d838c33287a10) Importer(2089858483,192608db42251d675da83286b1cce702) (ScriptedImporter) -> (artifact id: '691d9e0586e72c80700d0630e572cf58') in 0.0259139 seconds
Number of updated asset objects reloaded before import = 0Number of asset objects unloaded after import = 15

========================================================================
Received Import Request.
  Time since last request: 0.000021 seconds.
  path: Assets/BTM_Assets/BTM_Items_Gems/Models/RedPotion.fbx
  artifactKey: Guid(251889413fcfbe841a4d11ea37dfe4fe) Importer(2089858483,192608db42251d675da83286b1cce702)
Start importing Assets/BTM_Assets/BTM_Items_Gems/Models/RedPotion.fbx using Guid(251889413fcfbe841a4d11ea37dfe4fe) Importer(2089858483,192608db42251d675da83286b1cce702) (ScriptedImporter) -> (artifact id: '7583779cb4661c1a23d7ecbabe1d6fb6') in 0.0337735 seconds
Number of updated asset objects reloaded before import = 0Number of asset objects unloaded after import = 9

========================================================================
Received Prepare
Begin MonoManager ReloadAssembly
[Licensing::Client] Successfully resolved entitlement details
- Loaded All Assemblies, in  0.724 seconds
Refreshing native plugins compatible for Editor in 1.06 ms, found 3 plugins.
Native extension for WindowsStandalone target not found
Native extension for WebGL target not found
[Package Manager] Failed to launch server process. Reason: Unity was launched with the -noUpm command-line argument
[Package Manager] Unable to send message (not connected to server process).
[Package Manager] Cannot connect to Unity Package Manager local server
Mono: successfully reloaded assembly
- Finished resetting the current domain, in  0.803 seconds
Domain Reload Profiling: 1527ms
	BeginReloadAssembly (214ms)
		ExecutionOrderSort (0ms)
		DisableScriptedObjects (9ms)
		BackupInstance (0ms)
		ReleaseScriptingObjects (0ms)
		CreateAndSetChildDomain (56ms)
	RebuildCommonClasses (30ms)
	RebuildNativeTypeToScriptingClass (10ms)
	initialDomainReloadingComplete (27ms)
	LoadAllAssembliesAndSetupDomain (442ms)
		LoadAssemblies (376ms)
		RebuildTransferFunctionScriptingTraits (0ms)
		AnalyzeDomain (154ms)
			TypeCache.Refresh (6ms)
				TypeCache.ScanAssembly (0ms)
			BuildScriptInfoCaches (134ms)
			ResolveRequiredComponents (9ms)
	FinalizeReload (804ms)
		ReleaseScriptCaches (0ms)
		RebuildScriptCaches (0ms)
		SetupLoadedEditorAssemblies (646ms)
			LogAssemblyErrors (0ms)
			InitializePlatformSupportModulesInManaged (2ms)
			SetLoadedEditorAssemblies (7ms)
			BeforeProcessingInitializeOnLoad (188ms)
			ProcessInitializeOnLoadAttributes (387ms)
			ProcessInitializeOnLoadMethodAttributes (54ms)
			AfterProcessingInitializeOnLoad (6ms)
			EditorAssembliesLoaded (0ms)
		ExecutionOrderSort2 (0ms)
		AwakeInstancesAfterBackupRestoration (20ms)
Refreshing native plugins compatible for Editor in 1.05 ms, found 3 plugins.
Preloading 0 native plugins for Editor in 0.00 ms.
Unloading 13 Unused Serialized files (Serialized files now loaded: 0)
Unloading 6110 unused Assets / (5.7 MB). Loaded Objects now: 6824.
Memory consumption went from 138.1 MB to 132.4 MB.
Total: 7.682800 ms (FindLiveObjects: 0.627100 ms CreateObjectMapping: 0.438700 ms MarkObjects: 4.178600 ms  DeleteObjects: 2.436800 ms)

Prepare: number of updated asset objects reloaded= 0
========================================================================
Received Prepare
Begin MonoManager ReloadAssembly
[Licensing::Client] Successfully resolved entitlement details
- Loaded All Assemblies, in  0.710 seconds
Refreshing native plugins compatible for Editor in 1.18 ms, found 3 plugins.
Native extension for WindowsStandalone target not found
Native extension for WebGL target not found
[Package Manager] Failed to launch server process. Reason: Unity was launched with the -noUpm command-line argument
[Package Manager] Unable to send message (not connected to server process).
[Package Manager] Cannot connect to Unity Package Manager local server
Mono: successfully reloaded assembly
- Finished resetting the current domain, in  0.797 seconds
Domain Reload Profiling: 1508ms
	BeginReloadAssembly (212ms)
		ExecutionOrderSort (0ms)
		DisableScriptedObjects (6ms)
		BackupInstance (0ms)
		ReleaseScriptingObjects (0ms)
		CreateAndSetChildDomain (46ms)
	RebuildCommonClasses (28ms)
	RebuildNativeTypeToScriptingClass (10ms)
	initialDomainReloadingComplete (25ms)
	LoadAllAssembliesAndSetupDomain (435ms)
		LoadAssemblies (390ms)
		RebuildTransferFunctionScriptingTraits (0ms)
		AnalyzeDomain (145ms)
			TypeCache.Refresh (6ms)
				TypeCache.ScanAssembly (0ms)
			BuildScriptInfoCaches (124ms)
			ResolveRequiredComponents (9ms)
	FinalizeReload (798ms)
		ReleaseScriptCaches (0ms)
		RebuildScriptCaches (0ms)
		SetupLoadedEditorAssemblies (657ms)
			LogAssemblyErrors (0ms)
			InitializePlatformSupportModulesInManaged (3ms)
			SetLoadedEditorAssemblies (8ms)
			BeforeProcessingInitializeOnLoad (199ms)
			ProcessInitializeOnLoadAttributes (385ms)
			ProcessInitializeOnLoadMethodAttributes (56ms)
			AfterProcessingInitializeOnLoad (6ms)
			EditorAssembliesLoaded (0ms)
		ExecutionOrderSort2 (0ms)
		AwakeInstancesAfterBackupRestoration (17ms)
Refreshing native plugins compatible for Editor in 0.98 ms, found 3 plugins.
Preloading 0 native plugins for Editor in 0.00 ms.
Unloading 13 Unused Serialized files (Serialized files now loaded: 0)
Unloading 6109 unused Assets / (5.1 MB). Loaded Objects now: 6826.
Memory consumption went from 137.9 MB to 132.8 MB.
Total: 7.937400 ms (FindLiveObjects: 0.601600 ms CreateObjectMapping: 0.729400 ms MarkObjects: 4.648800 ms  DeleteObjects: 1.956200 ms)

Prepare: number of updated asset objects reloaded= 0
========================================================================
Received Import Request.
  Time since last request: 314.499460 seconds.
  path: Assets/BTM_Assets/BTM_Items_Gems/Materials/BaseMaterial.mat
  artifactKey: Guid(580d7e954bbff174794836248c2cc077) Importer(815301076,1909f56bfc062723c751e8b465ee728b)
Start importing Assets/BTM_Assets/BTM_Items_Gems/Materials/BaseMaterial.mat using Guid(580d7e954bbff174794836248c2cc077) Importer(815301076,1909f56bfc062723c751e8b465ee728b) (PreviewImporter) -> (artifact id: '40e42c3c237b8d0b2358a441b5d1b9af') in 2.9748914 seconds
Number of updated asset objects reloaded before import = 0Number of asset objects unloaded after import = 2

========================================================================
Received Import Request.
  Time since last request: 0.000066 seconds.
  path: Assets/BTM_Assets/BTM_Items_Gems/Materials/BaseMaterial_Orange.mat
  artifactKey: Guid(7669597e2cd68b246afed9abf2c0d93f) Importer(815301076,1909f56bfc062723c751e8b465ee728b)
Start importing Assets/BTM_Assets/BTM_Items_Gems/Materials/BaseMaterial_Orange.mat using Guid(7669597e2cd68b246afed9abf2c0d93f) Importer(815301076,1909f56bfc062723c751e8b465ee728b) (PreviewImporter) -> (artifact id: 'af55318f1d602e5714405b10d86f346f') in 0.0227223 seconds
Number of updated asset objects reloaded before import = 0Number of asset objects unloaded after import = 2

========================================================================
Received Import Request.
  Time since last request: 0.000033 seconds.
  path: Assets/BTM_Assets/BTM_Items_Gems/Materials/Gradient Pallete.png
  artifactKey: Guid(fdc9284e7f7d7be488f34ed803e0c9af) Importer(815301076,1909f56bfc062723c751e8b465ee728b)
Start importing Assets/BTM_Assets/BTM_Items_Gems/Materials/Gradient Pallete.png using Guid(fdc9284e7f7d7be488f34ed803e0c9af) Importer(815301076,1909f56bfc062723c751e8b465ee728b) (PreviewImporter) -> (artifact id: '60557c14d39838855768fee344d5f6ff') in 0.0225912 seconds
Number of updated asset objects reloaded before import = 0Number of asset objects unloaded after import = 2

========================================================================
Received Import Request.
  Time since last request: 8.296333 seconds.
  path: Assets/BTM_Assets/BTM_Items_Gems/Models/Battery.fbx
  artifactKey: Guid(9766cb41d1c5a5b42bf9fff17eccaa7e) Importer(815301076,1909f56bfc062723c751e8b465ee728b)
Start importing Assets/BTM_Assets/BTM_Items_Gems/Models/Battery.fbx using Guid(9766cb41d1c5a5b42bf9fff17eccaa7e) Importer(815301076,1909f56bfc062723c751e8b465ee728b) (PreviewImporter) -> (artifact id: '75ddfef53d1bfc1ace09a879313eff7c') in 0.0690964 seconds
Number of updated asset objects reloaded before import = 0Number of asset objects unloaded after import = 9

========================================================================
Received Import Request.
  Time since last request: 0.000029 seconds.
  path: Assets/BTM_Assets/BTM_Items_Gems/Models/Clock.fbx
  artifactKey: Guid(1e5b0c023ae30f04c81e40590c70ac4c) Importer(815301076,1909f56bfc062723c751e8b465ee728b)
Start importing Assets/BTM_Assets/BTM_Items_Gems/Models/Clock.fbx using Guid(1e5b0c023ae30f04c81e40590c70ac4c) Importer(815301076,1909f56bfc062723c751e8b465ee728b) (PreviewImporter) -> (artifact id: '36ed3766b45aaaaf472537c4d9c904eb') in 0.0435656 seconds
Number of updated asset objects reloaded before import = 0Number of asset objects unloaded after import = 9

========================================================================
Received Import Request.
  Time since last request: 0.000024 seconds.
  path: Assets/BTM_Assets/BTM_Items_Gems/Models/SkullBones.fbx
  artifactKey: Guid(38b748d1e57621f469300f3e96dea280) Importer(815301076,1909f56bfc062723c751e8b465ee728b)
Start importing Assets/BTM_Assets/BTM_Items_Gems/Models/SkullBones.fbx using Guid(38b748d1e57621f469300f3e96dea280) Importer(815301076,1909f56bfc062723c751e8b465ee728b) (PreviewImporter) -> (artifact id: '143a553e540f27d4cb1002f52be14145') in 0.0428526 seconds
Number of updated asset objects reloaded before import = 0Number of asset objects unloaded after import = 9

========================================================================
Received Import Request.
  Time since last request: 0.000038 seconds.
  path: Assets/BTM_Assets/BTM_Items_Gems/Models/Spiral.fbx
  artifactKey: Guid(4da415d70811ed54e812bd16bb0e8247) Importer(815301076,1909f56bfc062723c751e8b465ee728b)
Start importing Assets/BTM_Assets/BTM_Items_Gems/Models/Spiral.fbx using Guid(4da415d70811ed54e812bd16bb0e8247) Importer(815301076,1909f56bfc062723c751e8b465ee728b) (PreviewImporter) -> (artifact id: '509d7b0847d195b5ede6047be38328ef') in 0.0328957 seconds
Number of updated asset objects reloaded before import = 0Number of asset objects unloaded after import = 9

========================================================================
Received Import Request.
  Time since last request: 0.000030 seconds.
  path: Assets/BTM_Assets/BTM_Items_Gems/Models/Ruby.fbx
  artifactKey: Guid(e8f34b9b0cfb46742a4d3e6197437a4a) Importer(815301076,1909f56bfc062723c751e8b465ee728b)
Start importing Assets/BTM_Assets/BTM_Items_Gems/Models/Ruby.fbx using Guid(e8f34b9b0cfb46742a4d3e6197437a4a) Importer(815301076,1909f56bfc062723c751e8b465ee728b) (PreviewImporter) -> (artifact id: '3a4cca4b6aadb0f8efa1eb47770a7f9a') in 0.0394558 seconds
Number of updated asset objects reloaded before import = 0Number of asset objects unloaded after import = 9

========================================================================
Received Import Request.
  Time since last request: 0.000023 seconds.
  path: Assets/BTM_Assets/BTM_Items_Gems/Models/Heart.fbx
  artifactKey: Guid(80844d124bb3cb54893e9d8bf21ba7e2) Importer(815301076,1909f56bfc062723c751e8b465ee728b)
Start importing Assets/BTM_Assets/BTM_Items_Gems/Models/Heart.fbx using Guid(80844d124bb3cb54893e9d8bf21ba7e2) Importer(815301076,1909f56bfc062723c751e8b465ee728b) (PreviewImporter) -> (artifact id: '713fe30489ab55234746c97c232c024c') in 0.0261543 seconds
Number of updated asset objects reloaded before import = 0Number of asset objects unloaded after import = 9

========================================================================
Received Import Request.
  Time since last request: 0.000024 seconds.
  path: Assets/BTM_Assets/BTM_Items_Gems/Models/SphereGem.fbx
  artifactKey: Guid(5ae72abb4f5c0814e98a001acc1127bf) Importer(815301076,1909f56bfc062723c751e8b465ee728b)
Start importing Assets/BTM_Assets/BTM_Items_Gems/Models/SphereGem.fbx using Guid(5ae72abb4f5c0814e98a001acc1127bf) Importer(815301076,1909f56bfc062723c751e8b465ee728b) (PreviewImporter) -> (artifact id: '9aaab922398ef35c35c38ff13ff76f54') in 0.030986 seconds
Number of updated asset objects reloaded before import = 0Number of asset objects unloaded after import = 9

========================================================================
Received Import Request.
  Time since last request: 0.000041 seconds.
  path: Assets/BTM_Assets/BTM_Items_Gems/Models/StarGem3.fbx
  artifactKey: Guid(b2a1944c844e5bf4ab9234728d4e4980) Importer(815301076,1909f56bfc062723c751e8b465ee728b)
Start importing Assets/BTM_Assets/BTM_Items_Gems/Models/StarGem3.fbx using Guid(b2a1944c844e5bf4ab9234728d4e4980) Importer(815301076,1909f56bfc062723c751e8b465ee728b) (PreviewImporter) -> (artifact id: '92ceb6838a9bdc27f00ca5ffb778bd78') in 0.033785 seconds
Number of updated asset objects reloaded before import = 0Number of asset objects unloaded after import = 9

========================================================================
Received Import Request.
  Time since last request: 0.000029 seconds.
  path: Assets/BTM_Assets/BTM_Items_Gems/Models/SphereGem3.fbx
  artifactKey: Guid(86547782c0ca55f4098b1185db372acc) Importer(815301076,1909f56bfc062723c751e8b465ee728b)
Start importing Assets/BTM_Assets/BTM_Items_Gems/Models/SphereGem3.fbx using Guid(86547782c0ca55f4098b1185db372acc) Importer(815301076,1909f56bfc062723c751e8b465ee728b) (PreviewImporter) -> (artifact id: 'd7b5f047aa184cff4ecf7218510daacf') in 0.0405397 seconds
Number of updated asset objects reloaded before import = 0Number of asset objects unloaded after import = 9

========================================================================
Received Import Request.
  Time since last request: 0.000026 seconds.
  path: Assets/BTM_Assets/BTM_Items_Gems/Models/Bomb.fbx
  artifactKey: Guid(b69ab7dc4a09f094885bf950a65c44c3) Importer(815301076,1909f56bfc062723c751e8b465ee728b)
Start importing Assets/BTM_Assets/BTM_Items_Gems/Models/Bomb.fbx using Guid(b69ab7dc4a09f094885bf950a65c44c3) Importer(815301076,1909f56bfc062723c751e8b465ee728b) (PreviewImporter) -> (artifact id: '6d2c4ed6f5052d9dbcd79476c088b379') in 0.0347178 seconds
Number of updated asset objects reloaded before import = 0Number of asset objects unloaded after import = 9

========================================================================
Received Import Request.
  Time since last request: 0.000030 seconds.
  path: Assets/BTM_Assets/BTM_Items_Gems/Models/GoldPile.fbx
  artifactKey: Guid(3661d9bc416d1ca43ba806c4fd419615) Importer(815301076,1909f56bfc062723c751e8b465ee728b)
Start importing Assets/BTM_Assets/BTM_Items_Gems/Models/GoldPile.fbx using Guid(3661d9bc416d1ca43ba806c4fd419615) Importer(815301076,1909f56bfc062723c751e8b465ee728b) (PreviewImporter) -> (artifact id: '0d048098625a86eeb1133a4f48da3a7b') in 0.0358878 seconds
Number of updated asset objects reloaded before import = 0Number of asset objects unloaded after import = 9

========================================================================
Received Import Request.
  Time since last request: 0.000034 seconds.
  path: Assets/BTM_Assets/BTM_Items_Gems/Models/Diamondo.fbx
  artifactKey: Guid(8b76e94f4294db842928c1d103f1afce) Importer(815301076,1909f56bfc062723c751e8b465ee728b)
Start importing Assets/BTM_Assets/BTM_Items_Gems/Models/Diamondo.fbx using Guid(8b76e94f4294db842928c1d103f1afce) Importer(815301076,1909f56bfc062723c751e8b465ee728b) (PreviewImporter) -> (artifact id: '72131837fb11fca780eb0318965f1055') in 0.0322894 seconds
Number of updated asset objects reloaded before import = 0Number of asset objects unloaded after import = 9

========================================================================
Received Import Request.
  Time since last request: 0.000028 seconds.
  path: Assets/BTM_Assets/BTM_Items_Gems/Models/RedVial.fbx
  artifactKey: Guid(9224df7f5efccbc42af35f984ded95cf) Importer(815301076,1909f56bfc062723c751e8b465ee728b)
Start importing Assets/BTM_Assets/BTM_Items_Gems/Models/RedVial.fbx using Guid(9224df7f5efccbc42af35f984ded95cf) Importer(815301076,1909f56bfc062723c751e8b465ee728b) (PreviewImporter) -> (artifact id: '2e3c1c3f8b5426cd34d12c97c6653c65') in 0.0289988 seconds
Number of updated asset objects reloaded before import = 0Number of asset objects unloaded after import = 9

========================================================================
Received Import Request.
  Time since last request: 0.000029 seconds.
  path: Assets/BTM_Assets/BTM_Items_Gems/Models/GoldBar.fbx
  artifactKey: Guid(b595019e353f6c64196dd301530f35a4) Importer(815301076,1909f56bfc062723c751e8b465ee728b)
Start importing Assets/BTM_Assets/BTM_Items_Gems/Models/GoldBar.fbx using Guid(b595019e353f6c64196dd301530f35a4) Importer(815301076,1909f56bfc062723c751e8b465ee728b) (PreviewImporter) -> (artifact id: 'b72bdf5614d7267df79721aae6d702bc') in 0.0300922 seconds
Number of updated asset objects reloaded before import = 0Number of asset objects unloaded after import = 9

========================================================================
Received Import Request.
  Time since last request: 0.000025 seconds.
  path: Assets/BTM_Assets/BTM_Items_Gems/Models/RedPill.fbx
  artifactKey: Guid(15d91f53302e333468b01c993b22cad7) Importer(815301076,1909f56bfc062723c751e8b465ee728b)
Start importing Assets/BTM_Assets/BTM_Items_Gems/Models/RedPill.fbx using Guid(15d91f53302e333468b01c993b22cad7) Importer(815301076,1909f56bfc062723c751e8b465ee728b) (PreviewImporter) -> (artifact id: '2622baa2f0bc6e25e23daffae8e73a9e') in 0.0297944 seconds
Number of updated asset objects reloaded before import = 0Number of asset objects unloaded after import = 9

========================================================================
Received Import Request.
  Time since last request: 0.000041 seconds.
  path: Assets/BTM_Assets/BTM_Items_Gems/Models/GreenPotion.fbx
  artifactKey: Guid(905f72ca98139284d856e235054cf139) Importer(815301076,1909f56bfc062723c751e8b465ee728b)
Start importing Assets/BTM_Assets/BTM_Items_Gems/Models/GreenPotion.fbx using Guid(905f72ca98139284d856e235054cf139) Importer(815301076,1909f56bfc062723c751e8b465ee728b) (PreviewImporter) -> (artifact id: 'b5e1e4b178656ccd74fdcd902082b474') in 0.0288988 seconds
Number of updated asset objects reloaded before import = 0Number of asset objects unloaded after import = 9

========================================================================
Received Import Request.
  Time since last request: 0.000030 seconds.
  path: Assets/BTM_Assets/BTM_Items_Gems/Models/Money.fbx
  artifactKey: Guid(01ee5422ad585ae4388dbfcac584f133) Importer(815301076,1909f56bfc062723c751e8b465ee728b)
Start importing Assets/BTM_Assets/BTM_Items_Gems/Models/Money.fbx using Guid(01ee5422ad585ae4388dbfcac584f133) Importer(815301076,1909f56bfc062723c751e8b465ee728b) (PreviewImporter) -> (artifact id: '829ff5701225ce26ad149a65d14c6d0e') in 0.0311722 seconds
Number of updated asset objects reloaded before import = 0Number of asset objects unloaded after import = 9

========================================================================
Received Import Request.
  Time since last request: 0.000031 seconds.
  path: Assets/BTM_Assets/BTM_Items_Gems/Models/Skull.fbx
  artifactKey: Guid(a1845977fba8a7a4aa1163544f9b72cc) Importer(815301076,1909f56bfc062723c751e8b465ee728b)
Start importing Assets/BTM_Assets/BTM_Items_Gems/Models/Skull.fbx using Guid(a1845977fba8a7a4aa1163544f9b72cc) Importer(815301076,1909f56bfc062723c751e8b465ee728b) (PreviewImporter) -> (artifact id: '00fe41ba019bd3cc15f3b291f0e3fa4a') in 0.0333865 seconds
Number of updated asset objects reloaded before import = 0Number of asset objects unloaded after import = 9

========================================================================
Received Import Request.
  Time since last request: 0.000032 seconds.
  path: Assets/BTM_Assets/BTM_Items_Gems/Models/Shield.fbx
  artifactKey: Guid(e9820a790af8497409d7cab84e2403b4) Importer(815301076,1909f56bfc062723c751e8b465ee728b)
Start importing Assets/BTM_Assets/BTM_Items_Gems/Models/Shield.fbx using Guid(e9820a790af8497409d7cab84e2403b4) Importer(815301076,1909f56bfc062723c751e8b465ee728b) (PreviewImporter) -> (artifact id: 'd7e07170f795f9a373a3caefb6ec5ad4') in 0.0282197 seconds
Number of updated asset objects reloaded before import = 0Number of asset objects unloaded after import = 9

========================================================================
Received Import Request.
  Time since last request: 19.202596 seconds.
  path: Assets/BTM_Assets/BTM_Items_Gems/Prefabs/Battery.prefab
  artifactKey: Guid(b1dcde6e675915e46beef84becea3234) Importer(815301076,1909f56bfc062723c751e8b465ee728b)
Start importing Assets/BTM_Assets/BTM_Items_Gems/Prefabs/Battery.prefab using Guid(b1dcde6e675915e46beef84becea3234) Importer(815301076,1909f56bfc062723c751e8b465ee728b) (PreviewImporter) -> (artifact id: 'ccee680a84cba7f24175e59cadd29c9d') in 0.0270479 seconds
Number of updated asset objects reloaded before import = 0Number of asset objects unloaded after import = 18

========================================================================
Received Import Request.
  Time since last request: 0.000022 seconds.
  path: Assets/BTM_Assets/BTM_Items_Gems/Prefabs/RedPill.prefab
  artifactKey: Guid(159a122a2346fae4fb92f428464c2837) Importer(815301076,1909f56bfc062723c751e8b465ee728b)
Start importing Assets/BTM_Assets/BTM_Items_Gems/Prefabs/RedPill.prefab using Guid(159a122a2346fae4fb92f428464c2837) Importer(815301076,1909f56bfc062723c751e8b465ee728b) (PreviewImporter) -> (artifact id: '06a80d066b7b72e7758a7e4774a01bf6') in 0.0219928 seconds
Number of updated asset objects reloaded before import = 0Number of asset objects unloaded after import = 18

========================================================================
Received Import Request.
  Time since last request: 0.000038 seconds.
  path: Assets/BTM_Assets/BTM_Items_Gems/Prefabs/Hexagon.prefab
  artifactKey: Guid(feec2bd3b82c34243b4e7b55a9ee64b8) Importer(815301076,1909f56bfc062723c751e8b465ee728b)
Start importing Assets/BTM_Assets/BTM_Items_Gems/Prefabs/Hexagon.prefab using Guid(feec2bd3b82c34243b4e7b55a9ee64b8) Importer(815301076,1909f56bfc062723c751e8b465ee728b) (PreviewImporter) -> (artifact id: '1a3ab52da2fce263e6d3325e5dce585c') in 0.0218047 seconds
Number of updated asset objects reloaded before import = 0Number of asset objects unloaded after import = 18

========================================================================
Received Import Request.
  Time since last request: 0.000031 seconds.
  path: Assets/BTM_Assets/BTM_Items_Gems/Prefabs/Battery 1.prefab
  artifactKey: Guid(f9f6ddb79c292b64e9e817d5835268f9) Importer(815301076,1909f56bfc062723c751e8b465ee728b)
Start importing Assets/BTM_Assets/BTM_Items_Gems/Prefabs/Battery 1.prefab using Guid(f9f6ddb79c292b64e9e817d5835268f9) Importer(815301076,1909f56bfc062723c751e8b465ee728b) (PreviewImporter) -> (artifact id: '2390b2ad196c81ae40a1239caca48557') in 0.0210735 seconds
Number of updated asset objects reloaded before import = 0Number of asset objects unloaded after import = 18

========================================================================
Received Import Request.
  Time since last request: 0.000041 seconds.
  path: Assets/BTM_Assets/BTM_Items_Gems/Prefabs/StarGem2.prefab
  artifactKey: Guid(5151591354fd80f448e91914496d97d1) Importer(815301076,1909f56bfc062723c751e8b465ee728b)
Start importing Assets/BTM_Assets/BTM_Items_Gems/Prefabs/StarGem2.prefab using Guid(5151591354fd80f448e91914496d97d1) Importer(815301076,1909f56bfc062723c751e8b465ee728b) (PreviewImporter) -> (artifact id: '07564506b26ecee49c7ecd6992a7dd9a') in 0.0199904 seconds
Number of updated asset objects reloaded before import = 0Number of asset objects unloaded after import = 18

========================================================================
Received Import Request.
  Time since last request: 0.000023 seconds.
  path: Assets/BTM_Assets/BTM_Items_Gems/Prefabs/GreenPotion.prefab
  artifactKey: Guid(a610c52de611e244dbe9b6a800cf193b) Importer(815301076,1909f56bfc062723c751e8b465ee728b)
Start importing Assets/BTM_Assets/BTM_Items_Gems/Prefabs/GreenPotion.prefab using Guid(a610c52de611e244dbe9b6a800cf193b) Importer(815301076,1909f56bfc062723c751e8b465ee728b) (PreviewImporter) -> (artifact id: 'bf164bc63288e20111f64f4f4712a9fd') in 0.0224549 seconds
Number of updated asset objects reloaded before import = 0Number of asset objects unloaded after import = 18

========================================================================
Received Import Request.
  Time since last request: 0.000039 seconds.
  path: Assets/BTM_Assets/BTM_Items_Gems/Prefabs/Clock.prefab
  artifactKey: Guid(d2275fc619142e94583cd06b9f01e784) Importer(815301076,1909f56bfc062723c751e8b465ee728b)
Start importing Assets/BTM_Assets/BTM_Items_Gems/Prefabs/Clock.prefab using Guid(d2275fc619142e94583cd06b9f01e784) Importer(815301076,1909f56bfc062723c751e8b465ee728b) (PreviewImporter) -> (artifact id: '8955050f6a1397d345ee4fce70b8c68d') in 0.0229604 seconds
Number of updated asset objects reloaded before import = 0Number of asset objects unloaded after import = 18

========================================================================
Received Import Request.
  Time since last request: 0.000049 seconds.
  path: Assets/BTM_Assets/BTM_Items_Gems/Prefabs/BluePotion.prefab
  artifactKey: Guid(67ebebe313b325b49a8c33c825bdabe5) Importer(815301076,1909f56bfc062723c751e8b465ee728b)
Start importing Assets/BTM_Assets/BTM_Items_Gems/Prefabs/BluePotion.prefab using Guid(67ebebe313b325b49a8c33c825bdabe5) Importer(815301076,1909f56bfc062723c751e8b465ee728b) (PreviewImporter) -> (artifact id: '9e7cfd8016787c59bb80a64fbbfaf0de') in 0.0217991 seconds
Number of updated asset objects reloaded before import = 0Number of asset objects unloaded after import = 18

========================================================================
Received Import Request.
  Time since last request: 0.000029 seconds.
  path: Assets/BTM_Assets/BTM_Items_Gems/Prefabs/GreenPill.prefab
  artifactKey: Guid(d5e620ba8ae388440bd7e0547052ac1d) Importer(815301076,1909f56bfc062723c751e8b465ee728b)
Start importing Assets/BTM_Assets/BTM_Items_Gems/Prefabs/GreenPill.prefab using Guid(d5e620ba8ae388440bd7e0547052ac1d) Importer(815301076,1909f56bfc062723c751e8b465ee728b) (PreviewImporter) -> (artifact id: '827cf6fdbdc10dd362114898ea438366') in 0.0236767 seconds
Number of updated asset objects reloaded before import = 0Number of asset objects unloaded after import = 19

========================================================================
Received Import Request.
  Time since last request: 0.000025 seconds.
  path: Assets/BTM_Assets/BTM_Items_Gems/Prefabs/Cubie.prefab
  artifactKey: Guid(e1dcc1756599cdb45b9d838c33287a10) Importer(815301076,1909f56bfc062723c751e8b465ee728b)
Start importing Assets/BTM_Assets/BTM_Items_Gems/Prefabs/Cubie.prefab using Guid(e1dcc1756599cdb45b9d838c33287a10) Importer(815301076,1909f56bfc062723c751e8b465ee728b) (PreviewImporter) -> (artifact id: 'fbc14cef7128892ec1add2222c3f465d') in 0.0200821 seconds
Number of updated asset objects reloaded before import = 0Number of asset objects unloaded after import = 18

========================================================================
Received Import Request.
  Time since last request: 0.000032 seconds.
  path: Assets/BTM_Assets/BTM_Items_Gems/Prefabs/SphereGem2.prefab
  artifactKey: Guid(50e7064084f724541b538851733cd3ce) Importer(815301076,1909f56bfc062723c751e8b465ee728b)
Start importing Assets/BTM_Assets/BTM_Items_Gems/Prefabs/SphereGem2.prefab using Guid(50e7064084f724541b538851733cd3ce) Importer(815301076,1909f56bfc062723c751e8b465ee728b) (PreviewImporter) -> (artifact id: '07d8c2964059e2cac043973acfe5e873') in 0.0229965 seconds
Number of updated asset objects reloaded before import = 0Number of asset objects unloaded after import = 18

========================================================================
Received Import Request.
  Time since last request: 0.000028 seconds.
  path: Assets/BTM_Assets/BTM_Items_Gems/Prefabs/SpeedChevBlue.prefab
  artifactKey: Guid(19b7e95a091652640b4df605bec6a161) Importer(815301076,1909f56bfc062723c751e8b465ee728b)
Start importing Assets/BTM_Assets/BTM_Items_Gems/Prefabs/SpeedChevBlue.prefab using Guid(19b7e95a091652640b4df605bec6a161) Importer(815301076,1909f56bfc062723c751e8b465ee728b) (PreviewImporter) -> (artifact id: '80b97d38fe363be6b7dfac8587572f06') in 0.018856 seconds
Number of updated asset objects reloaded before import = 0Number of asset objects unloaded after import = 18

========================================================================
Received Import Request.
  Time since last request: 0.000030 seconds.
  path: Assets/BTM_Assets/BTM_Items_Gems/Prefabs/Time.prefab
  artifactKey: Guid(05c1bb08d5c7e3b40a87536483a89f10) Importer(815301076,1909f56bfc062723c751e8b465ee728b)
Start importing Assets/BTM_Assets/BTM_Items_Gems/Prefabs/Time.prefab using Guid(05c1bb08d5c7e3b40a87536483a89f10) Importer(815301076,1909f56bfc062723c751e8b465ee728b) (PreviewImporter) -> (artifact id: '497bc844e810854c74587835e17373b5') in 0.0215851 seconds
Number of updated asset objects reloaded before import = 0Number of asset objects unloaded after import = 18

========================================================================
Received Import Request.
  Time since last request: 0.000029 seconds.
  path: Assets/BTM_Assets/BTM_Items_Gems/Prefabs/Magnet.prefab
  artifactKey: Guid(50e260f821baa56419af96b848301e5d) Importer(815301076,1909f56bfc062723c751e8b465ee728b)
Start importing Assets/BTM_Assets/BTM_Items_Gems/Prefabs/Magnet.prefab using Guid(50e260f821baa56419af96b848301e5d) Importer(815301076,1909f56bfc062723c751e8b465ee728b) (PreviewImporter) -> (artifact id: '3f2873fa9ce55eef0a21cbf551f29012') in 0.0180137 seconds
Number of updated asset objects reloaded before import = 0Number of asset objects unloaded after import = 18

========================================================================
Received Import Request.
  Time since last request: 0.000027 seconds.
  path: Assets/BTM_Assets/BTM_Items_Gems/Prefabs/RedPotion.prefab
  artifactKey: Guid(1242a88922ac6d34da67517f4c97626b) Importer(815301076,1909f56bfc062723c751e8b465ee728b)
Start importing Assets/BTM_Assets/BTM_Items_Gems/Prefabs/RedPotion.prefab using Guid(1242a88922ac6d34da67517f4c97626b) Importer(815301076,1909f56bfc062723c751e8b465ee728b) (PreviewImporter) -> (artifact id: 'f9c94e8cf8ee798acda6ff21e06781ae') in 0.0224946 seconds
Number of updated asset objects reloaded before import = 0Number of asset objects unloaded after import = 18

========================================================================
Received Import Request.
  Time since last request: 0.000034 seconds.
  path: Assets/BTM_Assets/BTM_Items_Gems/Prefabs/Bomb.prefab
  artifactKey: Guid(e02b31792a067c74a81e275fcda3930b) Importer(815301076,1909f56bfc062723c751e8b465ee728b)
Start importing Assets/BTM_Assets/BTM_Items_Gems/Prefabs/Bomb.prefab using Guid(e02b31792a067c74a81e275fcda3930b) Importer(815301076,1909f56bfc062723c751e8b465ee728b) (PreviewImporter) -> (artifact id: '779644f699617afecbcf4206b70aaf47') in 0.0204134 seconds
Number of updated asset objects reloaded before import = 0Number of asset objects unloaded after import = 18

========================================================================
Received Import Request.
  Time since last request: 0.000038 seconds.
  path: Assets/BTM_Assets/BTM_Items_Gems/Prefabs/StarCoin.prefab
  artifactKey: Guid(a73eca55382651c449497eca9a2be0be) Importer(815301076,1909f56bfc062723c751e8b465ee728b)
Start importing Assets/BTM_Assets/BTM_Items_Gems/Prefabs/StarCoin.prefab using Guid(a73eca55382651c449497eca9a2be0be) Importer(815301076,1909f56bfc062723c751e8b465ee728b) (PreviewImporter) -> (artifact id: '1b3fe731f3e2323e08dfa18a29b661cf') in 0.0250141 seconds
Number of updated asset objects reloaded before import = 0Number of asset objects unloaded after import = 18

========================================================================
Received Import Request.
  Time since last request: 0.000046 seconds.
  path: Assets/BTM_Assets/BTM_Items_Gems/Prefabs/Trophy.prefab
  artifactKey: Guid(3f2245bee0a16594fa5461000f35ddc4) Importer(815301076,1909f56bfc062723c751e8b465ee728b)
Start importing Assets/BTM_Assets/BTM_Items_Gems/Prefabs/Trophy.prefab using Guid(3f2245bee0a16594fa5461000f35ddc4) Importer(815301076,1909f56bfc062723c751e8b465ee728b) (PreviewImporter) -> (artifact id: '31120d54ab498acc70a57f5908aaa33e') in 0.0217925 seconds
Number of updated asset objects reloaded before import = 0Number of asset objects unloaded after import = 18

========================================================================
Received Import Request.
  Time since last request: 0.000030 seconds.
  path: Assets/BTM_Assets/BTM_Items_Gems/Prefabs/Penta.prefab
  artifactKey: Guid(57377efc0a877474ab0478d4ce8180c2) Importer(815301076,1909f56bfc062723c751e8b465ee728b)
Start importing Assets/BTM_Assets/BTM_Items_Gems/Prefabs/Penta.prefab using Guid(57377efc0a877474ab0478d4ce8180c2) Importer(815301076,1909f56bfc062723c751e8b465ee728b) (PreviewImporter) -> (artifact id: 'c581347eacbc17f2ad92284a83a95884') in 0.0215516 seconds
Number of updated asset objects reloaded before import = 0Number of asset objects unloaded after import = 18

========================================================================
Received Import Request.
  Time since last request: 0.000025 seconds.
  path: Assets/BTM_Assets/BTM_Items_Gems/Prefabs/Spiral.prefab
  artifactKey: Guid(eebd8dd2296babd41a969a47c1590127) Importer(815301076,1909f56bfc062723c751e8b465ee728b)
Start importing Assets/BTM_Assets/BTM_Items_Gems/Prefabs/Spiral.prefab using Guid(eebd8dd2296babd41a969a47c1590127) Importer(815301076,1909f56bfc062723c751e8b465ee728b) (PreviewImporter) -> (artifact id: 'dbadc4287623d165bffc960ddd8a54d6') in 0.0221673 seconds
Number of updated asset objects reloaded before import = 0Number of asset objects unloaded after import = 18

========================================================================
Received Import Request.
  Time since last request: 0.000024 seconds.
  path: Assets/BTM_Assets/BTM_Items_Gems/Prefabs/SpeedChevYellow.prefab
  artifactKey: Guid(84b95e80250efd2408969492c3002afd) Importer(815301076,1909f56bfc062723c751e8b465ee728b)
Start importing Assets/BTM_Assets/BTM_Items_Gems/Prefabs/SpeedChevYellow.prefab using Guid(84b95e80250efd2408969492c3002afd) Importer(815301076,1909f56bfc062723c751e8b465ee728b) (PreviewImporter) -> (artifact id: '1aa3ae97d4de61eafaf21cfdd2fdffb3') in 0.0208106 seconds
Number of updated asset objects reloaded before import = 0Number of asset objects unloaded after import = 18

========================================================================
Received Import Request.
  Time since last request: 0.000028 seconds.
  path: Assets/BTM_Assets/BTM_Items_Gems/Prefabs/Heart.prefab
  artifactKey: Guid(af9d1131c788d454fa7dae4544fa99d2) Importer(815301076,1909f56bfc062723c751e8b465ee728b)
Start importing Assets/BTM_Assets/BTM_Items_Gems/Prefabs/Heart.prefab using Guid(af9d1131c788d454fa7dae4544fa99d2) Importer(815301076,1909f56bfc062723c751e8b465ee728b) (PreviewImporter) -> (artifact id: '67636b1656044dce7000febf0a6c5be6') in 0.0197621 seconds
Number of updated asset objects reloaded before import = 0Number of asset objects unloaded after import = 18

========================================================================
Received Import Request.
  Time since last request: 0.000046 seconds.
  path: Assets/BTM_Assets/BTM_Items_Gems/Prefabs/Ruby2.prefab
  artifactKey: Guid(c8b9bc24f5f39c747b10e99a670e562d) Importer(815301076,1909f56bfc062723c751e8b465ee728b)
Start importing Assets/BTM_Assets/BTM_Items_Gems/Prefabs/Ruby2.prefab using Guid(c8b9bc24f5f39c747b10e99a670e562d) Importer(815301076,1909f56bfc062723c751e8b465ee728b) (PreviewImporter) -> (artifact id: 'f7b0786cb328b22e1031cd2183405656') in 0.0253712 seconds
Number of updated asset objects reloaded before import = 0Number of asset objects unloaded after import = 18

========================================================================
Received Import Request.
  Time since last request: 0.000023 seconds.
  path: Assets/BTM_Assets/BTM_Items_Gems/Prefabs/SphereGem3.prefab
  artifactKey: Guid(2231e242ec531e44caa03826addc9302) Importer(815301076,1909f56bfc062723c751e8b465ee728b)
Start importing Assets/BTM_Assets/BTM_Items_Gems/Prefabs/SphereGem3.prefab using Guid(2231e242ec531e44caa03826addc9302) Importer(815301076,1909f56bfc062723c751e8b465ee728b) (PreviewImporter) -> (artifact id: '2fe322839ab5f4e5eaa7649bb5aa958b') in 0.0196558 seconds
Number of updated asset objects reloaded before import = 0Number of asset objects unloaded after import = 18

========================================================================
Received Import Request.
  Time since last request: 0.000029 seconds.
  path: Assets/BTM_Assets/BTM_Items_Gems/Prefabs/SpeedChevRed.prefab
  artifactKey: Guid(996928e6bd7f53b4c922c5099f203847) Importer(815301076,1909f56bfc062723c751e8b465ee728b)
Start importing Assets/BTM_Assets/BTM_Items_Gems/Prefabs/SpeedChevRed.prefab using Guid(996928e6bd7f53b4c922c5099f203847) Importer(815301076,1909f56bfc062723c751e8b465ee728b) (PreviewImporter) -> (artifact id: '5e55a079f8b8b3961e92b9e18d5af7fc') in 0.0229482 seconds
Number of updated asset objects reloaded before import = 0Number of asset objects unloaded after import = 18

========================================================================
Received Import Request.
  Time since last request: 0.000029 seconds.
  path: Assets/BTM_Assets/BTM_Items_Gems/Prefabs/StarGem1.prefab
  artifactKey: Guid(9c6032bc7284a5146a9b61081bf3c510) Importer(815301076,1909f56bfc062723c751e8b465ee728b)
Start importing Assets/BTM_Assets/BTM_Items_Gems/Prefabs/StarGem1.prefab using Guid(9c6032bc7284a5146a9b61081bf3c510) Importer(815301076,1909f56bfc062723c751e8b465ee728b) (PreviewImporter) -> (artifact id: '19c88df78f7679d0e682be6b4ec7c680') in 0.0259622 seconds
Number of updated asset objects reloaded before import = 0Number of asset objects unloaded after import = 18

========================================================================
Received Prepare
Begin MonoManager ReloadAssembly
[Licensing::Client] Successfully resolved entitlement details
- Loaded All Assemblies, in  0.728 seconds
Refreshing native plugins compatible for Editor in 0.75 ms, found 3 plugins.
Native extension for WindowsStandalone target not found
Native extension for WebGL target not found
[Package Manager] Failed to launch server process. Reason: Unity was launched with the -noUpm command-line argument
[Package Manager] Unable to send message (not connected to server process).
[Package Manager] Cannot connect to Unity Package Manager local server
Mono: successfully reloaded assembly
- Finished resetting the current domain, in  0.752 seconds
Domain Reload Profiling: 1480ms
	BeginReloadAssembly (224ms)
		ExecutionOrderSort (0ms)
		DisableScriptedObjects (23ms)
		BackupInstance (0ms)
		ReleaseScriptingObjects (0ms)
		CreateAndSetChildDomain (52ms)
	RebuildCommonClasses (34ms)
	RebuildNativeTypeToScriptingClass (10ms)
	initialDomainReloadingComplete (27ms)
	LoadAllAssembliesAndSetupDomain (433ms)
		LoadAssemblies (384ms)
		RebuildTransferFunctionScriptingTraits (0ms)
		AnalyzeDomain (146ms)
			TypeCache.Refresh (8ms)
				TypeCache.ScanAssembly (0ms)
			BuildScriptInfoCaches (125ms)
			ResolveRequiredComponents (9ms)
	FinalizeReload (753ms)
		ReleaseScriptCaches (0ms)
		RebuildScriptCaches (0ms)
		SetupLoadedEditorAssemblies (615ms)
			LogAssemblyErrors (0ms)
			InitializePlatformSupportModulesInManaged (2ms)
			SetLoadedEditorAssemblies (6ms)
			BeforeProcessingInitializeOnLoad (186ms)
			ProcessInitializeOnLoadAttributes (359ms)
			ProcessInitializeOnLoadMethodAttributes (56ms)
			AfterProcessingInitializeOnLoad (6ms)
			EditorAssembliesLoaded (0ms)
		ExecutionOrderSort2 (0ms)
		AwakeInstancesAfterBackupRestoration (18ms)
Refreshing native plugins compatible for Editor in 1.19 ms, found 3 plugins.
Preloading 0 native plugins for Editor in 0.00 ms.
Unloading 13 Unused Serialized files (Serialized files now loaded: 0)
Unloading 6110 unused Assets / (5.1 MB). Loaded Objects now: 6897.
Memory consumption went from 144.8 MB to 139.7 MB.
Total: 6.790600 ms (FindLiveObjects: 0.566400 ms CreateObjectMapping: 0.606300 ms MarkObjects: 3.625500 ms  DeleteObjects: 1.990900 ms)

Prepare: number of updated asset objects reloaded= 0
========================================================================
Received Prepare
Begin MonoManager ReloadAssembly
- Loaded All Assemblies, in  0.692 seconds
Refreshing native plugins compatible for Editor in 1.41 ms, found 3 plugins.
Native extension for WindowsStandalone target not found
Native extension for WebGL target not found
[Package Manager] Failed to launch server process. Reason: Unity was launched with the -noUpm command-line argument
[Package Manager] Unable to send message (not connected to server process).
[Package Manager] Cannot connect to Unity Package Manager local server
Mono: successfully reloaded assembly
- Finished resetting the current domain, in  0.810 seconds
Domain Reload Profiling: 1500ms
	BeginReloadAssembly (185ms)
		ExecutionOrderSort (0ms)
		DisableScriptedObjects (5ms)
		BackupInstance (0ms)
		ReleaseScriptingObjects (0ms)
		CreateAndSetChildDomain (39ms)
	RebuildCommonClasses (36ms)
	RebuildNativeTypeToScriptingClass (10ms)
	initialDomainReloadingComplete (26ms)
	LoadAllAssembliesAndSetupDomain (432ms)
		LoadAssemblies (369ms)
		RebuildTransferFunctionScriptingTraits (0ms)
		AnalyzeDomain (150ms)
			TypeCache.Refresh (6ms)
				TypeCache.ScanAssembly (0ms)
			BuildScriptInfoCaches (128ms)
			ResolveRequiredComponents (10ms)
	FinalizeReload (811ms)
		ReleaseScriptCaches (0ms)
		RebuildScriptCaches (0ms)
		SetupLoadedEditorAssemblies (668ms)
			LogAssemblyErrors (0ms)
			InitializePlatformSupportModulesInManaged (2ms)
			SetLoadedEditorAssemblies (6ms)
			BeforeProcessingInitializeOnLoad (200ms)
			ProcessInitializeOnLoadAttributes (401ms)
			ProcessInitializeOnLoadMethodAttributes (53ms)
			AfterProcessingInitializeOnLoad (6ms)
			EditorAssembliesLoaded (0ms)
		ExecutionOrderSort2 (0ms)
		AwakeInstancesAfterBackupRestoration (18ms)
Refreshing native plugins compatible for Editor in 1.47 ms, found 3 plugins.
Preloading 0 native plugins for Editor in 0.00 ms.
Unloading 13 Unused Serialized files (Serialized files now loaded: 0)
Unloading 6109 unused Assets / (5.1 MB). Loaded Objects now: 6899.
Memory consumption went from 144.7 MB to 139.6 MB.
Total: 7.158700 ms (FindLiveObjects: 0.607300 ms CreateObjectMapping: 0.455400 ms MarkObjects: 3.775900 ms  DeleteObjects: 2.318500 ms)

Prepare: number of updated asset objects reloaded= 0
========================================================================
Received Prepare
Begin MonoManager ReloadAssembly
[Licensing::Client] Successfully resolved entitlement details
- Loaded All Assemblies, in  0.682 seconds
Refreshing native plugins compatible for Editor in 0.79 ms, found 3 plugins.
Native extension for WindowsStandalone target not found
Native extension for WebGL target not found
[Package Manager] Failed to launch server process. Reason: Unity was launched with the -noUpm command-line argument
[Package Manager] Unable to send message (not connected to server process).
[Package Manager] Cannot connect to Unity Package Manager local server
Mono: successfully reloaded assembly
- Finished resetting the current domain, in  0.796 seconds
Domain Reload Profiling: 1476ms
	BeginReloadAssembly (192ms)
		ExecutionOrderSort (0ms)
		DisableScriptedObjects (6ms)
		BackupInstance (0ms)
		ReleaseScriptingObjects (0ms)
		CreateAndSetChildDomain (40ms)
	RebuildCommonClasses (29ms)
	RebuildNativeTypeToScriptingClass (10ms)
	initialDomainReloadingComplete (32ms)
	LoadAllAssembliesAndSetupDomain (417ms)
		LoadAssemblies (364ms)
		RebuildTransferFunctionScriptingTraits (0ms)
		AnalyzeDomain (145ms)
			TypeCache.Refresh (7ms)
				TypeCache.ScanAssembly (0ms)
			BuildScriptInfoCaches (125ms)
			ResolveRequiredComponents (8ms)
	FinalizeReload (796ms)
		ReleaseScriptCaches (0ms)
		RebuildScriptCaches (0ms)
		SetupLoadedEditorAssemblies (659ms)
			LogAssemblyErrors (0ms)
			InitializePlatformSupportModulesInManaged (2ms)
			SetLoadedEditorAssemblies (6ms)
			BeforeProcessingInitializeOnLoad (187ms)
			ProcessInitializeOnLoadAttributes (412ms)
			ProcessInitializeOnLoadMethodAttributes (48ms)
			AfterProcessingInitializeOnLoad (5ms)
			EditorAssembliesLoaded (0ms)
		ExecutionOrderSort2 (0ms)
		AwakeInstancesAfterBackupRestoration (14ms)
Refreshing native plugins compatible for Editor in 1.02 ms, found 3 plugins.
Preloading 0 native plugins for Editor in 0.00 ms.
Unloading 13 Unused Serialized files (Serialized files now loaded: 0)
Unloading 6109 unused Assets / (4.8 MB). Loaded Objects now: 6901.
Memory consumption went from 144.7 MB to 140.0 MB.
Total: 7.176000 ms (FindLiveObjects: 0.612500 ms CreateObjectMapping: 0.691000 ms MarkObjects: 3.864000 ms  DeleteObjects: 2.007500 ms)

Prepare: number of updated asset objects reloaded= 0
